Flow report for signal_generation
Tue Apr 10 16:52:03 2018
Quartus II 64-Bit Version 14.1.0 Build 186 12/03/2014 SJ Web Edition


---------------------
; Table of Contents ;
---------------------
  1. Legal Notice
  2. Flow Summary
  3. Flow Settings
  4. Flow Non-Default Global Settings
  5. Flow Elapsed Time
  6. Flow OS Summary
  7. Flow Log
  8. Flow Messages
  9. Flow Suppressed Messages



----------------
; Legal Notice ;
----------------
Copyright (C) 1991-2014 Altera Corporation. All rights reserved.
Your use of Altera Corporation's design tools, logic functions 
and other software and tools, and its AMPP partner logic 
functions, and any output files from any of the foregoing 
(including device programming or simulation files), and any 
associated documentation or information are expressly subject 
to the terms and conditions of the Altera Program License 
Subscription Agreement, the Altera Quartus II License Agreement,
the Altera MegaCore Function License Agreement, or other 
applicable license agreement, including, without limitation, 
that your use is for the sole purpose of programming logic 
devices manufactured by Altera and sold by Altera or its 
authorized distributors.  Please refer to the applicable 
agreement for further details.



+---------------------------------------------------------------------------------+
; Flow Summary                                                                    ;
+------------------------------------+--------------------------------------------+
; Flow Status                        ; Successful - Tue Apr 10 16:52:03 2018      ;
; Quartus II 64-Bit Version          ; 14.1.0 Build 186 12/03/2014 SJ Web Edition ;
; Revision Name                      ; signal_generation                          ;
; Top-level Entity Name              ; signal_generation                          ;
; Family                             ; Cyclone IV E                               ;
; Device                             ; EP4CE15F17C8                               ;
; Timing Models                      ; Final                                      ;
; Total logic elements               ; 616 / 15,408 ( 4 % )                       ;
;     Total combinational functions  ; 576 / 15,408 ( 4 % )                       ;
;     Dedicated logic registers      ; 430 / 15,408 ( 3 % )                       ;
; Total registers                    ; 430                                        ;
; Total pins                         ; 38 / 166 ( 23 % )                          ;
; Total virtual pins                 ; 0                                          ;
; Total memory bits                  ; 16,384 / 516,096 ( 3 % )                   ;
; Embedded Multiplier 9-bit elements ; 0 / 112 ( 0 % )                            ;
; Total PLLs                         ; 0 / 4 ( 0 % )                              ;
+------------------------------------+--------------------------------------------+


+-----------------------------------------+
; Flow Settings                           ;
+-------------------+---------------------+
; Option            ; Setting             ;
+-------------------+---------------------+
; Start date & time ; 04/10/2018 16:51:20 ;
; Main task         ; Compilation         ;
; Revision Name     ; signal_generation   ;
+-------------------+---------------------+


+----------------------------------------------------------------------------------------------------------------------------+
; Flow Non-Default Global Settings                                                                                           ;
+-------------------------------------+---------------------------------------+---------------+-------------+----------------+
; Assignment Name                     ; Value                                 ; Default Value ; Entity Name ; Section Id     ;
+-------------------------------------+---------------------------------------+---------------+-------------+----------------+
; COMPILER_SIGNATURE_ID               ; 26824500216389.152335028009520        ; --            ; --          ; --             ;
; EDA_OUTPUT_DATA_FORMAT              ; Verilog Hdl                           ; --            ; --          ; eda_simulation ;
; EDA_SIMULATION_TOOL                 ; ModelSim-Altera (Verilog)             ; <None>        ; --          ; --             ;
; MAX_CORE_JUNCTION_TEMP              ; 85                                    ; --            ; --          ; --             ;
; MIN_CORE_JUNCTION_TEMP              ; 0                                     ; --            ; --          ; --             ;
; MISC_FILE                           ; sin_bb.v                              ; --            ; --          ; --             ;
; NOMINAL_CORE_SUPPLY_VOLTAGE         ; 1.2V                                  ; --            ; --          ; --             ;
; PARTITION_COLOR                     ; 16764057                              ; --            ; --          ; Top            ;
; PARTITION_FITTER_PRESERVATION_LEVEL ; PLACEMENT_AND_ROUTING                 ; --            ; --          ; Top            ;
; PARTITION_NETLIST_TYPE              ; SOURCE                                ; --            ; --          ; Top            ;
; POWER_BOARD_THERMAL_MODEL           ; None (CONSERVATIVE)                   ; --            ; --          ; --             ;
; POWER_PRESET_COOLING_SOLUTION       ; 23 MM HEAT SINK WITH 200 LFPM AIRFLOW ; --            ; --          ; --             ;
; PROJECT_OUTPUT_DIRECTORY            ; output_files                          ; --            ; --          ; --             ;
+-------------------------------------+---------------------------------------+---------------+-------------+----------------+


+-------------------------------------------------------------------------------------------------------------------------------+
; Flow Elapsed Time                                                                                                             ;
+---------------------------+--------------+-------------------------+---------------------+------------------------------------+
; Module Name               ; Elapsed Time ; Average Processors Used ; Peak Virtual Memory ; Total CPU Time (on all processors) ;
+---------------------------+--------------+-------------------------+---------------------+------------------------------------+
; Analysis & Synthesis      ; 00:00:15     ; 1.0                     ; 681 MB              ; 00:00:32                           ;
; Fitter                    ; 00:00:11     ; 1.0                     ; 1002 MB             ; 00:00:11                           ;
; Assembler                 ; 00:00:02     ; 1.0                     ; 612 MB              ; 00:00:01                           ;
; TimeQuest Timing Analyzer ; 00:00:04     ; 1.0                     ; 678 MB              ; 00:00:03                           ;
; EDA Netlist Writer        ; 00:00:02     ; 1.0                     ; 589 MB              ; 00:00:02                           ;
; Total                     ; 00:00:34     ; --                      ; --                  ; 00:00:49                           ;
+---------------------------+--------------+-------------------------+---------------------+------------------------------------+


+----------------------------------------------------------------------------------------+
; Flow OS Summary                                                                        ;
+---------------------------+------------------+-----------+------------+----------------+
; Module Name               ; Machine Hostname ; OS Name   ; OS Version ; Processor type ;
+---------------------------+------------------+-----------+------------+----------------+
; Analysis & Synthesis      ; DESKTOP-8EAHVK8  ; Windows 7 ; 6.2        ; x86_64         ;
; Fitter                    ; DESKTOP-8EAHVK8  ; Windows 7 ; 6.2        ; x86_64         ;
; Assembler                 ; DESKTOP-8EAHVK8  ; Windows 7 ; 6.2        ; x86_64         ;
; TimeQuest Timing Analyzer ; DESKTOP-8EAHVK8  ; Windows 7 ; 6.2        ; x86_64         ;
; EDA Netlist Writer        ; DESKTOP-8EAHVK8  ; Windows 7 ; 6.2        ; x86_64         ;
+---------------------------+------------------+-----------+------------+----------------+


------------
; Flow Log ;
------------
quartus_map --read_settings_files=on --write_settings_files=off signal_generation -c signal_generation
quartus_fit --read_settings_files=off --write_settings_files=off signal_generation -c signal_generation
quartus_asm --read_settings_files=off --write_settings_files=off signal_generation -c signal_generation
quartus_sta signal_generation -c signal_generation
quartus_eda --read_settings_files=off --write_settings_files=off signal_generation -c signal_generation



